21:40:29 [INFO] 🔧 Configured for debug.
21:40:29 [INFO] address: [1;49;39m0.0.0.0[0m
21:40:29 [INFO] port: [1;49;39m8000[0m
21:40:29 [INFO] workers: [1;49;39m8[0m
21:40:29 [INFO] max blocking threads: [1;49;39m512[0m
21:40:29 [INFO] ident: [1;49;39mRocket[0m
21:40:29 [INFO] IP header: [1;49;39mX-Real-IP[0m
21:40:29 [INFO] limits: [1;49;39mbytes = 8KiB, data-form = 2MiB, file = 1MiB, form = 32KiB, json = 1MiB, msgpack = 1MiB, string = 8KiB[0m
21:40:29 [INFO] temp dir: [1;49;39m/tmp[0m
21:40:29 [INFO] http/2: [1;49;39mtrue[0m
21:40:29 [INFO] keep-alive: [1;49;39m5[0m[1;49;39ms[0m
21:40:29 [INFO] tls: [1;49;39mdisabled[0m
21:40:29 [INFO] shutdown: [1;49;39mctrlc = true, force = true, signals = [SIGTERM], grace = 2s, mercy = 3s[0m
21:40:29 [INFO] log level: [1;49;39mnormal[0m
21:40:29 [INFO] cli colors: [1;49;39mtrue[0m
21:40:29 [WARN] found set deprecated profile `[37mdevelopment[0m`
21:40:29 [INFO] profile was replaced by `[37mdebug[0m`
21:40:29 [INFO] 📬 [35mRoutes[0m:
21:40:29 [INFO] [36m([0m[37mauthenticate[0m[36m)[0m [32mGET[0m [4;34m/api[0m[34m/auth[0m
21:40:29 [INFO] [36m([0m[37mregister_user[0m[36m)[0m [32mGET[0m [4;34m/api[0m[34m/register[0m
21:40:29 [INFO] [36m([0m[37mrequest_vault[0m[36m)[0m [32mGET[0m [4;34m/api[0m[34m/get_vault[0m
21:40:29 [INFO] [36m([0m[37mset_new_key[0m[36m)[0m [32mGET[0m [4;34m/api[0m[34m/update_key[0m
21:40:29 [INFO] [36m([0m[37mset_new_vault[0m[36m)[0m [32mGET[0m [4;34m/api[0m[34m/update_vault[0m
21:40:29 [INFO] 🥅 [35mCatchers[0m:
21:40:29 [INFO] [36m([0m[37mbad_request[0m[36m)[0m [32m/api[0m [34m400[0m
21:40:29 [INFO] 📡 [35mFairings[0m:
21:40:29 [INFO] [1;49;39m'sqlite_data_db' Database Pool[0m ([1;34mignite[0m)
21:40:29 [INFO] [1;49;39mShield[0m ([1;34mliftoff, response, singleton[0m)
21:40:29 [ERROR] Rocket failed to bind network socket to given address/port.
21:40:29 [INFO] Address already in use (os error 98)
21:41:27 [INFO] 🔧 Configured for debug.
21:41:27 [INFO] address: [1;49;39m0.0.0.0[0m
21:41:27 [INFO] port: [1;49;39m8000[0m
21:41:27 [INFO] workers: [1;49;39m8[0m
21:41:27 [INFO] max blocking threads: [1;49;39m512[0m
21:41:27 [INFO] ident: [1;49;39mRocket[0m
21:41:27 [INFO] IP header: [1;49;39mX-Real-IP[0m
21:41:27 [INFO] limits: [1;49;39mbytes = 8KiB, data-form = 2MiB, file = 1MiB, form = 32KiB, json = 1MiB, msgpack = 1MiB, string = 8KiB[0m
21:41:27 [INFO] temp dir: [1;49;39m/tmp[0m
21:41:27 [INFO] http/2: [1;49;39mtrue[0m
21:41:27 [INFO] keep-alive: [1;49;39m5[0m[1;49;39ms[0m
21:41:27 [INFO] tls: [1;49;39mdisabled[0m
21:41:27 [INFO] shutdown: [1;49;39mctrlc = true, force = true, signals = [SIGTERM], grace = 2s, mercy = 3s[0m
21:41:27 [INFO] log level: [1;49;39mnormal[0m
21:41:27 [INFO] cli colors: [1;49;39mtrue[0m
21:41:27 [WARN] found set deprecated profile `[37mdevelopment[0m`
21:41:27 [INFO] profile was replaced by `[37mdebug[0m`
21:41:27 [INFO] 📬 [35mRoutes[0m:
21:41:27 [INFO] [36m([0m[37mauthenticate[0m[36m)[0m [32mGET[0m [4;34m/api[0m[34m/auth[0m
21:41:27 [INFO] [36m([0m[37mregister_user[0m[36m)[0m [32mGET[0m [4;34m/api[0m[34m/register[0m
21:41:27 [INFO] [36m([0m[37mrequest_vault[0m[36m)[0m [32mGET[0m [4;34m/api[0m[34m/get_vault[0m
21:41:27 [INFO] [36m([0m[37mset_new_key[0m[36m)[0m [32mGET[0m [4;34m/api[0m[34m/update_key[0m
21:41:27 [INFO] [36m([0m[37mset_new_vault[0m[36m)[0m [32mGET[0m [4;34m/api[0m[34m/update_vault[0m
21:41:27 [INFO] 🥅 [35mCatchers[0m:
21:41:27 [INFO] [36m([0m[37mbad_request[0m[36m)[0m [32m/api[0m [34m400[0m
21:41:27 [INFO] 📡 [35mFairings[0m:
21:41:27 [INFO] [1;49;39m'sqlite_data_db' Database Pool[0m ([1;34mignite[0m)
21:41:27 [INFO] [1;49;39mShield[0m ([1;34mliftoff, response, singleton[0m)
21:41:27 [ERROR] Rocket failed to bind network socket to given address/port.
21:41:27 [INFO] Address already in use (os error 98)
21:42:47 [INFO] 🔧 Configured for debug.
21:42:47 [INFO] address: [1;49;39m0.0.0.0[0m
21:42:47 [INFO] port: [1;49;39m8000[0m
21:42:47 [INFO] workers: [1;49;39m8[0m
21:42:47 [INFO] max blocking threads: [1;49;39m512[0m
21:42:47 [INFO] ident: [1;49;39mRocket[0m
21:42:47 [INFO] IP header: [1;49;39mX-Real-IP[0m
21:42:47 [INFO] limits: [1;49;39mbytes = 8KiB, data-form = 2MiB, file = 1MiB, form = 32KiB, json = 1MiB, msgpack = 1MiB, string = 8KiB[0m
21:42:47 [INFO] temp dir: [1;49;39m/tmp[0m
21:42:47 [INFO] http/2: [1;49;39mtrue[0m
21:42:47 [INFO] keep-alive: [1;49;39m5[0m[1;49;39ms[0m
21:42:47 [INFO] tls: [1;49;39mdisabled[0m
21:42:47 [INFO] shutdown: [1;49;39mctrlc = true, force = true, signals = [SIGTERM], grace = 2s, mercy = 3s[0m
21:42:47 [INFO] log level: [1;49;39mnormal[0m
21:42:47 [INFO] cli colors: [1;49;39mtrue[0m
21:42:47 [WARN] found set deprecated profile `[37mdevelopment[0m`
21:42:47 [INFO] profile was replaced by `[37mdebug[0m`
21:42:47 [INFO] 📬 [35mRoutes[0m:
21:42:47 [INFO] [36m([0m[37mauthenticate[0m[36m)[0m [32mGET[0m [4;34m/api[0m[34m/auth[0m
21:42:47 [INFO] [36m([0m[37mregister_user[0m[36m)[0m [32mGET[0m [4;34m/api[0m[34m/register[0m
21:42:47 [INFO] [36m([0m[37mrequest_vault[0m[36m)[0m [32mGET[0m [4;34m/api[0m[34m/get_vault[0m
21:42:47 [INFO] [36m([0m[37mset_new_key[0m[36m)[0m [32mGET[0m [4;34m/api[0m[34m/update_key[0m
21:42:47 [INFO] [36m([0m[37mset_new_vault[0m[36m)[0m [32mGET[0m [4;34m/api[0m[34m/update_vault[0m
21:42:47 [INFO] 🥅 [35mCatchers[0m:
21:42:47 [INFO] [36m([0m[37mbad_request[0m[36m)[0m [32m/api[0m [34m400[0m
21:42:47 [INFO] 📡 [35mFairings[0m:
21:42:47 [INFO] [1;49;39m'sqlite_data_db' Database Pool[0m ([1;34mignite[0m)
21:42:47 [INFO] [1;49;39mShield[0m ([1;34mliftoff, response, singleton[0m)
21:42:47 [INFO] 🛡️ [35mShield[0m:
21:42:47 [INFO] X-Frame-Options: [49;39mSAMEORIGIN[0m
21:42:47 [INFO] Permissions-Policy: [49;39minterest-cohort=()[0m
21:42:47 [INFO] X-Content-Type-Options: [49;39mnosniff[0m
21:42:47 [WARN] 🚀 [1;49;39mRocket has launched from[0m [1;4;49;39mhttp://0.0.0.0:8000[0m
21:43:17 [INFO] [32mGET[0m [34m/api/register[0m:
21:43:17 [INFO] Matched: [36m([0m[37mregister_user[0m[36m)[0m [32mGET[0m [4;34m/api[0m[34m/register[0m
21:43:17 [INFO] Successfully registered new user in database
21:43:17 [INFO] [1;49;39mOutcome:[0m [49;32mSuccess[0m
21:43:17 [INFO] [32mResponse succeeded.[0m
21:44:46 [INFO] [32mGET[0m [34m/api/register[0m:
21:44:46 [INFO] Matched: [36m([0m[37mregister_user[0m[36m)[0m [32mGET[0m [4;34m/api[0m[34m/register[0m
21:44:46 [INFO] Successfully registered new user in database
21:44:46 [INFO] [1;49;39mOutcome:[0m [49;32mSuccess[0m
21:44:46 [INFO] [32mResponse succeeded.[0m
10:05:04 [INFO] 🔧 Configured for debug.
10:05:04 [INFO] address: [1;49;39m0.0.0.0[0m
10:05:04 [INFO] port: [1;49;39m8000[0m
10:05:04 [INFO] workers: [1;49;39m8[0m
10:05:04 [INFO] max blocking threads: [1;49;39m512[0m
10:05:04 [INFO] ident: [1;49;39mRocket[0m
10:05:04 [INFO] IP header: [1;49;39mX-Real-IP[0m
10:05:04 [INFO] limits: [1;49;39mbytes = 8KiB, data-form = 2MiB, file = 1MiB, form = 32KiB, json = 1MiB, msgpack = 1MiB, string = 8KiB[0m
10:05:04 [INFO] temp dir: [1;49;39m/tmp[0m
10:05:04 [INFO] http/2: [1;49;39mtrue[0m
10:05:04 [INFO] keep-alive: [1;49;39m5[0m[1;49;39ms[0m
10:05:04 [INFO] tls: [1;49;39mdisabled[0m
10:05:04 [INFO] shutdown: [1;49;39mctrlc = true, force = true, signals = [SIGTERM], grace = 2s, mercy = 3s[0m
10:05:04 [INFO] log level: [1;49;39mnormal[0m
10:05:04 [INFO] cli colors: [1;49;39mtrue[0m
10:05:04 [WARN] found set deprecated profile `[37mdevelopment[0m`
10:05:04 [INFO] profile was replaced by `[37mdebug[0m`
10:05:04 [INFO] 📬 [35mRoutes[0m:
10:05:04 [INFO] [36m([0m[37mauthenticate[0m[36m)[0m [32mGET[0m [4;34m/api[0m[34m/auth[0m
10:05:04 [INFO] [36m([0m[37mregister_user[0m[36m)[0m [32mGET[0m [4;34m/api[0m[34m/register[0m
10:05:04 [INFO] [36m([0m[37mrequest_vault[0m[36m)[0m [32mGET[0m [4;34m/api[0m[34m/get_vault[0m
10:05:04 [INFO] [36m([0m[37mset_new_key[0m[36m)[0m [32mGET[0m [4;34m/api[0m[34m/update_key[0m
10:05:04 [INFO] [36m([0m[37mset_new_vault[0m[36m)[0m [32mGET[0m [4;34m/api[0m[34m/update_vault[0m
10:05:04 [INFO] 🥅 [35mCatchers[0m:
10:05:04 [INFO] [36m([0m[37mbad_request[0m[36m)[0m [32m/api[0m [34m400[0m
10:05:04 [INFO] 📡 [35mFairings[0m:
10:05:04 [INFO] [1;49;39mShield[0m ([1;34mliftoff, response, singleton[0m)
10:05:04 [INFO] [1;49;39m'sqlite_data_db' Database Pool[0m ([1;34mignite[0m)
10:05:04 [INFO] 🛡️ [35mShield[0m:
10:05:04 [INFO] X-Content-Type-Options: [49;39mnosniff[0m
10:05:04 [INFO] X-Frame-Options: [49;39mSAMEORIGIN[0m
10:05:04 [INFO] Permissions-Policy: [49;39minterest-cohort=()[0m
10:05:04 [WARN] 🚀 [1;49;39mRocket has launched from[0m [1;4;49;39mhttp://0.0.0.0:8000[0m
10:06:52 [INFO] [32mGET[0m [34m/api/register[0m:
10:06:52 [INFO] Matched: [36m([0m[37mregister_user[0m[36m)[0m [32mGET[0m [4;34m/api[0m[34m/register[0m
10:06:52 [ERROR] User already exists in database
10:06:52 [INFO] [1;49;39mOutcome:[0m [49;32mSuccess[0m
10:06:52 [INFO] [32mResponse succeeded.[0m
10:07:13 [INFO] [32mGET[0m [34m/api/register[0m:
10:07:13 [INFO] Matched: [36m([0m[37mregister_user[0m[36m)[0m [32mGET[0m [4;34m/api[0m[34m/register[0m
10:07:13 [ERROR] User already exists in database
10:07:13 [INFO] [1;49;39mOutcome:[0m [49;32mSuccess[0m
10:07:13 [INFO] [32mResponse succeeded.[0m
10:07:25 [INFO] [32mGET[0m [34m/api/register[0m:
10:07:25 [INFO] Matched: [36m([0m[37mregister_user[0m[36m)[0m [32mGET[0m [4;34m/api[0m[34m/register[0m
10:07:25 [INFO] Successfully registered new user in database
10:07:25 [INFO] [1;49;39mOutcome:[0m [49;32mSuccess[0m
10:07:25 [INFO] [32mResponse succeeded.[0m
10:10:06 [WARN] Received SIGINT. Requesting shutdown.
10:10:06 [INFO] Shutdown requested. Waiting for pending I/O...
10:10:06 [INFO] Graceful shutdown completed successfully.
